==20305== Memcheck, a memory error detector
==20305== Copyright (C) 2002-2017, and GNU GPL'd, by Julian Seward et al.
==20305== Using Valgrind-3.16.1 and LibVEX; rerun with -h for copyright info
==20305== Command: ./bin/fallsafe_debug
==20305== Parent PID: 20304
==20305== 
==20305== 
==20305== HEAP SUMMARY:
==20305==     in use at exit: 136 bytes in 1 blocks
==20305==   total heap usage: 21 allocs, 20 frees, 54,920 bytes allocated
==20305== 
==20305== 136 bytes in 1 blocks are possibly lost in loss record 1 of 1
==20305==    at 0x484A2F4: calloc (vg_replace_malloc.c:760)
==20305==    by 0x40126C7: allocate_dtv (dl-tls.c:286)
==20305==    by 0x401300F: _dl_allocate_tls (dl-tls.c:532)
==20305==    by 0x491A1AB: allocate_stack (allocatestack.c:621)
==20305==    by 0x491A1AB: pthread_create@@GLIBC_2.4 (pthread_create.c:669)
==20305==    by 0x18D37: mqtt_setup_client (mqtt-sender.c:89)
==20305==    by 0x1A4C7: main (main.c:507)
==20305== 
==20305== LEAK SUMMARY:
==20305==    definitely lost: 0 bytes in 0 blocks
==20305==    indirectly lost: 0 bytes in 0 blocks
==20305==      possibly lost: 136 bytes in 1 blocks
==20305==    still reachable: 0 bytes in 0 blocks
==20305==         suppressed: 0 bytes in 0 blocks
==20305== 
==20305== For lists of detected and suppressed errors, rerun with: -s
==20305== ERROR SUMMARY: 1 errors from 1 contexts (suppressed: 0 from 0)
